<?xml version="1.0" encoding="UTF-8"?>
<robot generator="Robot 6.1.1 (Python 3.8.10 on linux)" generated="20231030 23:51:23.537" rpa="false" schemaversion="4">
<suite id="s1" name="Amazon Testes" source="/home/dalvanir/Projetos/robot-framework/WebTesing/amazon_testes.robot">
<test id="s1-t1" name=" Caso de teste 02 - pesquisa do produto" line="21">
<kw name="Abrir o navegador" library="amazon_resources" type="SETUP">
<kw name="Open Browser" library="SeleniumLibrary">
<arg>browser=chrome</arg>
<doc>Opens a new browser instance to the optional ``url``.</doc>
<msg timestamp="20231030 23:51:23.658" level="INFO">Opening browser 'chrome' to base url 'None'.</msg>
<status status="PASS" starttime="20231030 23:51:23.658" endtime="20231030 23:51:24.641"/>
</kw>
<kw name="Maximize Browser Window" library="SeleniumLibrary">
<doc>Maximizes current browser window.</doc>
<status status="PASS" starttime="20231030 23:51:24.642" endtime="20231030 23:51:24.746"/>
</kw>
<status status="PASS" starttime="20231030 23:51:23.658" endtime="20231030 23:51:24.747"/>
</kw>
<kw name="Acessar a home page do site amazon.com.br" library="amazon_resources">
<kw name="Go To" library="SeleniumLibrary">
<arg>url=${url}</arg>
<doc>Navigates the current browser window to the provided ``url``.</doc>
<msg timestamp="20231030 23:51:24.749" level="INFO">Opening url 'https://www.amazon.com.br/'</msg>
<status status="PASS" starttime="20231030 23:51:24.748" endtime="20231030 23:51:27.015"/>
</kw>
<kw name="Wait Until Element Is Visible" library="SeleniumLibrary">
<arg>locator=${menuEletronicos}</arg>
<doc>Waits until the element ``locator`` is visible.</doc>
<status status="PASS" starttime="20231030 23:51:27.015" endtime="20231030 23:51:27.051"/>
</kw>
<status status="PASS" starttime="20231030 23:51:24.747" endtime="20231030 23:51:27.051"/>
</kw>
<kw name="Digitar o nome do produtoo &quot;Xbox Series S&quot; no campo de pesquisa" library="amazon_resources" sourcename="Digitar o nome do produtoo &quot;${produto}&quot; no campo de pesquisa">
<kw name="Input Text" library="SeleniumLibrary">
<arg>locator=twotabsearchtextbox</arg>
<arg>text=${produto}</arg>
<doc>Types the given ``text`` into the text field identified by ``locator``.</doc>
<msg timestamp="20231030 23:51:27.053" level="INFO">Typing text 'Xbox Series S' into text field 'twotabsearchtextbox'.</msg>
<status status="PASS" starttime="20231030 23:51:27.052" endtime="20231030 23:51:27.264"/>
</kw>
<status status="PASS" starttime="20231030 23:51:27.051" endtime="20231030 23:51:27.264"/>
</kw>
<kw name="Clicar no botão de pesquisa" library="amazon_resources">
<kw name="Click Element" library="SeleniumLibrary">
<arg>locator=nav-search-submit-button</arg>
<doc>Click the element identified by ``locator``.</doc>
<msg timestamp="20231030 23:51:27.266" level="INFO">Clicking element 'nav-search-submit-button'.</msg>
<status status="PASS" starttime="20231030 23:51:27.265" endtime="20231030 23:51:27.387"/>
</kw>
<status status="PASS" starttime="20231030 23:51:27.265" endtime="20231030 23:51:27.387"/>
</kw>
<kw name="Verificar o resultado da pesquisa, se está listando o produto &quot;Console Xbox Series X&quot;" library="amazon_resources" sourcename="Verificar o resultado da pesquisa, se está listando o produto &quot;${produto}&quot;">
<kw name="Wait Until Element Is Visible" library="SeleniumLibrary">
<arg>locator=(//h2[@class='a-size-mini a-spacing-none a-color-base s-line-clamp-4'][contains(.,'${produto}')])[1]</arg>
<doc>Waits until the element ``locator`` is visible.</doc>
<status status="PASS" starttime="20231030 23:51:27.388" endtime="20231030 23:51:28.336"/>
</kw>
<status status="PASS" starttime="20231030 23:51:27.388" endtime="20231030 23:51:28.336"/>
</kw>
<kw name=" fechar o navegador" library="amazon_resources" type="TEARDOWN">
<kw name="Capture Page Screenshot" library="SeleniumLibrary">
<doc>Takes a screenshot of the current page and embeds it into a log file.</doc>
<msg timestamp="20231030 23:51:28.815" level="INFO" html="true">&lt;/td&gt;&lt;/tr&gt;&lt;tr&gt;&lt;td colspan="3"&gt;&lt;a href="selenium-screenshot-6.png"&gt;&lt;img src="selenium-screenshot-6.png" width="800px"&gt;&lt;/a&gt;</msg>
<status status="PASS" starttime="20231030 23:51:28.337" endtime="20231030 23:51:28.815"/>
</kw>
<kw name="Close Browser" library="SeleniumLibrary">
<doc>Closes the current browser.</doc>
<status status="PASS" starttime="20231030 23:51:28.816" endtime="20231030 23:51:28.890"/>
</kw>
<status status="PASS" starttime="20231030 23:51:28.337" endtime="20231030 23:51:28.890"/>
</kw>
<doc>esse site verifica a busca de um produto</doc>
<tag>busca_produtos</tag>
<tag>lista_busca</tag>
<status status="PASS" starttime="20231030 23:51:23.657" endtime="20231030 23:51:28.890"/>
</test>
<doc>Essa suíte testa o site da amazon.com.br</doc>
<status status="PASS" starttime="20231030 23:51:23.538" endtime="20231030 23:51:28.891"/>
</suite>
<statistics>
<total>
<stat pass="1" fail="0" skip="0">All Tests</stat>
</total>
<tag>
<stat pass="1" fail="0" skip="0">busca_produtos</stat>
<stat pass="1" fail="0" skip="0">lista_busca</stat>
</tag>
<suite>
<stat pass="1" fail="0" skip="0" id="s1" name="Amazon Testes">Amazon Testes</stat>
</suite>
</statistics>
<errors>
</errors>
</robot>
